<?xml version="1.0" encoding="UTF-8"?>
<!-- Generated by org.testng.reporters.JUnitReportReporter -->
<testsuite hostname="DESKTOP-R522EC9" failures="0" tests="2" name="TestCases.TC002_DELETE_Request" time="1.484" errors="0" timestamp="2021-06-30T21:43:34 PDT" skipped="0">
  <testcase classname="TestCases.TC002_DELETE_Request" name="testValidateDltResMessage" time="0.935"/>
  <system-out/>
  <testcase classname="TestCases.TC002_DELETE_Request" name="testValidateDltReqStausCode" time="0.549"/>
  <system-out/>
</testsuite> <!-- TestCases.TC002_DELETE_Request -->
