<?xml version="1.0" encoding="UTF-8"?>
<!-- Generated by org.testng.reporters.JUnitReportReporter -->
<testsuite hostname="DESKTOP-R522EC9" failures="0" tests="1" name="TestCases.TC001_GET_Request" time="1.526" errors="0" timestamp="2021-06-30T22:02:22 PDT" skipped="0">
  <testcase classname="TestCases.TC001_GET_Request" name="testValidateGetReqEmployeId2" time="1.526"/>
  <system-out/>
</testsuite> <!-- TestCases.TC001_GET_Request -->
