<?xml version="1.0" encoding="UTF-8"?>
<!-- Generated by org.testng.reporters.JUnitReportReporter -->
<testsuite hostname="DESKTOP-R522EC9" failures="0" tests="1" name="com.qa.testcases.AddToCartPageTest" time="13.262" errors="0" timestamp="2021-06-30T03:10:20 PDT" skipped="0">
  <testcase classname="com.qa.testcases.AddToCartPageTest" name="addtoCartPricevalidation" time="13.262"/>
  <system-out/>
</testsuite> <!-- com.qa.testcases.AddToCartPageTest -->
