<?xml version="1.0" encoding="UTF-8"?>
<!-- Generated by org.testng.reporters.JUnitReportReporter -->
<testsuite hostname="DESKTOP-R522EC9" failures="0" tests="1" name="com.qa.testcases.CheckedOutTest" time="16.118" errors="0" timestamp="2021-06-30T03:07:07 PDT" skipped="0">
  <testcase classname="com.qa.testcases.CheckedOutTest" name="cackOutPagePricevalidation" time="16.118"/>
  <system-out/>
</testsuite> <!-- com.qa.testcases.CheckedOutTest -->
