<?xml version="1.0" encoding="UTF-8"?>
<!-- Generated by org.testng.reporters.JUnitReportReporter -->
<testsuite hostname="DESKTOP-E3LTO4H" failures="0" tests="2" name="com.testng.Annotations123Test" time="0.012" errors="0" timestamp="2020-12-28T12:21:31 PST" skipped="0">
  <testcase classname="com.testng.Annotations123Test" name="testA" time="0.008"/>
  <system-out/>
  <testcase classname="com.testng.Annotations123Test" name="testB" time="0.004"/>
  <system-out/>
</testsuite> <!-- com.testng.Annotations123Test -->
