<?xml version="1.0" encoding="UTF-8"?>
<!-- Generated by org.testng.reporters.JUnitReportReporter -->
<testsuite hostname="DESKTOP-R522EC9" failures="0" tests="2" name="Academy.HomePage" time="10.598" errors="0" timestamp="2021-06-30T01:37:33 PDT" skipped="0">
  <testcase classname="Academy.HomePage" name="basePageNavigation" time="8.191"/>
  <system-out/>
  <testcase classname="Academy.HomePage" name="basePageNavigation" time="2.407"/>
  <system-out/>
</testsuite> <!-- Academy.HomePage -->
