<?xml version="1.0" encoding="UTF-8"?>
<!-- Generated by org.testng.reporters.JUnitReportReporter -->
<testsuite hostname="DESKTOP-R522EC9" failures="0" tests="2" name="webautomation1.ScrollJs" time="7.304" errors="0" timestamp="2021-06-15T21:41:42 PDT" skipped="0">
  <testcase classname="webautomation1.ScrollJs" name="ByPixel" time="6.051"/>
  <system-out/>
  <testcase classname="webautomation1.ScrollJs" name="ByVisibleElement" time="1.253"/>
  <system-out/>
</testsuite> <!-- webautomation1.ScrollJs -->
