<?xml version="1.0" encoding="UTF-8"?>
<!-- Generated by org.testng.reporters.JUnitReportReporter -->
<testsuite hostname="DESKTOP-R522EC9" failures="0" tests="1" name="webautomation1.AjaxHandeling" time="0.283" errors="0" timestamp="2021-06-15T13:31:06 PDT" skipped="0">
  <testcase classname="webautomation1.AjaxHandeling" name="test_AjaxExample" time="0.283"/>
  <system-out/>
</testsuite> <!-- webautomation1.AjaxHandeling -->
