<?xml version="1.0" encoding="UTF-8"?>
<!-- Generated by org.testng.reporters.JUnitReportReporter -->
<testsuite hostname="DESKTOP-R522EC9" failures="0" tests="1" name="webautomation1.ScreenShot" time="7.704" errors="0" timestamp="2021-06-15T22:14:14 PDT" skipped="0">
  <testcase classname="webautomation1.ScreenShot" name="yahooScreenShot" time="7.704"/>
  <system-out/>
</testsuite> <!-- webautomation1.ScreenShot -->
