<?xml version="1.0" encoding="UTF-8"?>
<!-- Generated by org.testng.reporters.JUnitReportReporter -->
<testsuite hostname="DESKTOP-R522EC9" failures="0" tests="1" name="webautomation1.Popup" time="7.389" errors="0" timestamp="2021-06-16T21:43:56 PDT" skipped="0">
  <testcase classname="webautomation1.Popup" name="f" time="7.389"/>
  <system-out/>
</testsuite> <!-- webautomation1.Popup -->
