<?xml version="1.0" encoding="UTF-8"?>
<!-- Generated by org.testng.reporters.JUnitReportReporter -->
<testsuite hostname="DESKTOP-E3LTO4H" failures="0" tests="2" name="com.browser.testing.NewTest" time="4.458" errors="0" timestamp="26 Dec 2020 21:27:50 GMT" skipped="0">
  <testcase classname="com.browser.testing.NewTest" name="browserLaunch" time="2.458"/>
  <testcase classname="com.browser.testing.NewTest" name="browserLaunch" time="2.000"/>
</testsuite> <!-- com.browser.testing.NewTest -->
